<?xml version="1.0" encoding="UTF-8"?>
<testsuite xmlns:xsi="http://www.w3.org/2001/XMLSchema-instance" xsi:noNamespaceSchemaLocation="https://maven.apache.org/surefire/maven-surefire-plugin/xsd/surefire-test-report.xsd" name="TestSuite" time="1.031" tests="12" errors="0" skipped="0" failures="0">
  <properties>
[...]
</properties>
  <testcase name="div" classname="com.qa.test.DemoTest" time="0.017"/>
  <testcase name="multi" classname="com.qa.test.DemoTest" time="0.001"/>
  <testcase name="sub" classname="com.qa.test.DemoTest" time="0"/>
  <testcase name="sum" classname="com.qa.test.DemoTest" time="0"/>
  <testcase name="div" classname="com.qa.test.DemoTest2" time="0.001"/>
  <testcase name="multi" classname="com.qa.test.DemoTest2" time="0.001"/>
  <testcase name="sub" classname="com.qa.test.DemoTest2" time="0.003"/>
  <testcase name="sum" classname="com.qa.test.DemoTest2" time="0.003"/>
  <testcase name="div" classname="com.qa.test.DemoTest3" time="0.001"/>
  <testcase name="multi" classname="com.qa.test.DemoTest3" time="0.001"/>
  <testcase name="sub" classname="com.qa.test.DemoTest3" time="0"/>
  <testcase name="sum" classname="com.qa.test.DemoTest3" time="0.001"/>
</testsuite>