<?xml version="1.0" encoding="UTF-8"?>
<!-- Generated by org.testng.reporters.JUnitXMLReporter -->
<testsuite ignored="0" hostname="HP-Sagar" failures="0" tests="12" name="MavenLifeCycle test" time="0.087" errors="0" timestamp="2022-03-03T19:30:27 IST">
  <testcase classname="com.qa.test.DemoTest" name="div" time="0.017"/>
  <testcase classname="com.qa.test.DemoTest" name="multi" time="0.0"/>
  <testcase classname="com.qa.test.DemoTest" name="sub" time="0.0"/>
  <testcase classname="com.qa.test.DemoTest" name="sum" time="0.002"/>
  <testcase classname="com.qa.test.DemoTest2" name="div" time="0.0"/>
  <testcase classname="com.qa.test.DemoTest2" name="multi" time="0.0"/>
  <testcase classname="com.qa.test.DemoTest2" name="sub" time="0.0"/>
  <testcase classname="com.qa.test.DemoTest2" name="sum" time="0.0"/>
  <testcase classname="com.qa.test.DemoTest3" name="div" time="0.002"/>
  <testcase classname="com.qa.test.DemoTest3" name="multi" time="0.001"/>
  <testcase classname="com.qa.test.DemoTest3" name="sub" time="0.001"/>
  <testcase classname="com.qa.test.DemoTest3" name="sum" time="0.0"/>
</testsuite> <!-- MavenLifeCycle test -->
